Build started 13/01/2017 12:02:10.
     1>Project "C:\Users\eisstudent\Desktop\graphics\graphics\graphics.vcxproj" on node 2 (build target(s)).
     1>InitializeBuildStatus:
         Creating "Debug\graphics.unsuccessfulbuild" because "AlwaysCreate" was specified.
       ClCompile:
         C:\Program Files (x86)\Microsoft Visual Studio 10.0\VC\bin\CL.exe /c /ZI /nologo /W3 /WX- /Od /Oy- /D WIN32 /D _DEBUG /D _CONSOLE /D _UNICODE /D UNICODE /Gm /EHsc /RTC1 /MDd /GS /fp:precise /Zc:wchar_t /Zc:forScope /Fo"Debug\\" /Fd"Debug\vc100.pdb" /Gd /TP /analyze- /errorReport:prompt scene1.cpp
         scene1.cpp
     1>c:\users\eisstudent\desktop\graphics\graphics\scene1.cpp(394): warning C4101: 'i' : unreferenced local variable
       ManifestResourceCompile:
         All outputs are up-to-date.
       Link:
         C:\Program Files (x86)\Microsoft Visual Studio 10.0\VC\bin\link.exe /ERRORREPORT:PROMPT /OUT:"C:\Users\eisstudent\Desktop\graphics\Debug\graphics.exe" /INCREMENTAL /NOLOGO kernel32.lib user32.lib gdi32.lib winspool.lib comdlg32.lib advapi32.lib shell32.lib ole32.lib oleaut32.lib uuid.lib odbc32.lib odbccp32.lib /MANIFEST /ManifestFile:"Debug\graphics.exe.intermediate.manifest" /MANIFESTUAC:"level='asInvoker' uiAccess='false'" /DEBUG /PDB:"C:\Users\eisstudent\Desktop\graphics\Debug\graphics.pdb" /SUBSYSTEM:CONSOLE /TLBID:1 /DYNAMICBASE /NXCOMPAT /IMPLIB:"C:\Users\eisstudent\Desktop\graphics\Debug\graphics.lib" /MACHINE:X86 Debug\graphics.exe.embed.manifest.res
         Debug\scene1.obj
       Manifest:
         C:\Program Files (x86)\Microsoft SDKs\Windows\v7.0A\bin\mt.exe /nologo /verbose /out:"Debug\graphics.exe.embed.manifest" /manifest Debug\graphics.exe.intermediate.manifest
         All outputs are up-to-date.
       LinkEmbedManifest:
         All outputs are up-to-date.
         graphics.vcxproj -> C:\Users\eisstudent\Desktop\graphics\Debug\graphics.exe
       FinalizeBuildStatus:
         Deleting file "Debug\graphics.unsuccessfulbuild".
         Touching "Debug\graphics.lastbuildstate".
     1>Done Building Project "C:\Users\eisstudent\Desktop\graphics\graphics\graphics.vcxproj" (build target(s)).

Build succeeded.

Time Elapsed 00:00:00.43
